2026/04/02 05:58:21 [server] Coffee Beans Scraper starting on http://localhost:8080
2026/04/02 05:58:21 [server] POST /scrape       — Scrape a single product URL
2026/04/02 05:58:21 [server] POST /scrape-bulk  — Scrape multiple product URLs from a store
2026/04/02 05:58:21 [server] GET  /health       — Health check
2026/04/02 05:58:21 [handler] Bulk Scrape request for: https://www.tokopedia.com/fugolcoffee/product (max_products: 2)
2026/04/02 05:58:21 [tokopedia] Extracting bulk URLs from: https://www.tokopedia.com/fugolcoffee/product
2026/04/02 05:58:23 [browser] Chrome browser initialized
2026/04/02 05:58:31 [tokopedia] Extracted 2 product URLs successfully
2026/04/02 05:58:31 [handler] Successfully extracted 2 URLs fromtokopedia
2026/04/02 05:58:43 [handler] Bulk Scrape request for: https://fugolcoffeeroasters.com/collections/filter-roast (max_products: 3)
2026/04/02 05:58:43 [shopify] Extracting bulk URLs from: https://fugolcoffeeroasters.com/collections/filter-roast
2026/04/02 05:58:43 [shopify] Bulk JSON endpoint: https://fugolcoffeeroasters.com/collections/filter-roast/products.json
2026/04/02 05:58:43 [shopify] Extracted 3 product URLs successfully
2026/04/02 05:58:43 [handler] Successfully extracted 3 URLs fromshopify
2026/04/02 09:07:18 [handler] Bulk Scrape request for: https://www.tokopedia.com/fugolcoffee/product (max_products: 7)
2026/04/02 09:07:18 [tokopedia] Extracting bulk URLs from: https://www.tokopedia.com/fugolcoffee/product
2026/04/02 09:07:25 [tokopedia] Extracted 7 product URLs successfully
2026/04/02 09:07:25 [handler] Successfully extracted 7 URLs fromtokopedia
2026/04/02 09:15:18 [handler] Bulk Scrape request for: https://initialcoffee.com/single-origin (max_products: 7)
2026/04/02 09:15:18 [handler] Bulk Extraction failed: no bulk extractor found for URL: https://initialcoffee.com/single-origin
2026/04/02 09:16:26 [handler] Bulk Scrape request for: https://www.tokopedia.com/initialcoffee/product (max_products: 7)
2026/04/02 09:16:26 [tokopedia] Extracting bulk URLs from: https://www.tokopedia.com/initialcoffee/product
2026/04/02 09:16:33 [tokopedia] Extracted 7 product URLs successfully
2026/04/02 09:16:33 [handler] Successfully extracted 7 URLs fromtokopedia
2026/04/02 20:22:25 [server] Shutting down...
2026/04/02 20:22:25 [browser] Error closing browser: write tcp 127.0.0.1:54304->127.0.0.1:54302: use of closed network connection
2026/04/02 20:22:25 [browser] Chrome browser closed
